This is pdfTeX, Version 3.1415926-2.5-1.40.14 (TeX Live 2013/Debian) (format=pdflatex 2014.4.18)  30 SEP 2014 22:28
entering extended mode
 restricted \write18 enabled.
 %&-line parsing enabled.
**7_Heap_UnionFind.tex
(./7_Heap_UnionFind.tex
LaTeX2e <2011/06/27>
Babel <3.9h> and hyphenation patterns for 4 languages loaded.
(/usr/share/texmf/tex/latex/beamer/base/beamer.cls
(/usr/share/texmf/tex/latex/beamer/base/beamerbasercs.sty
Package: beamerbasercs 2012/11/13 (rcs-revision cb16a617839f)
)
Document Class: beamer 2012/10/15 development version 3.24 A class for typesett
ing presentations (rcs-revision 24853e6b98cf)
(/usr/share/texmf/tex/latex/beamer/base/beamerbasemodes.sty
Package: beamerbasemodes 2012/04/15 (rcs-revision cc6557182d97)
\beamer@tempbox=\box26
\beamer@tempcount=\count79
\c@beamerpauses=\count80

(/usr/share/texmf/tex/latex/beamer/base/beamerbasedecode.sty
Package: beamerbasedecode 2010/05/01 (rcs-revision efa082c6111d)
\beamer@slideinframe=\count81
\beamer@minimum=\count82
)
\beamer@commentbox=\box27
\beamer@modecount=\count83
)
(/usr/share/texlive/texmf-dist/tex/generic/oberdiek/ifpdf.sty
Package: ifpdf 2011/01/30 v2.3 Provides the ifpdf switch (HO)
Package ifpdf Info: pdfTeX in PDF mode is detected.
)
\headheight=\dimen102
\headdp=\dimen103
\footheight=\dimen104
\sidebarheight=\dimen105
\beamer@tempdim=\dimen106
\beamer@finalheight=\dimen107
\beamer@animht=\dimen108
\beamer@animdp=\dimen109
\beamer@animwd=\dimen110
\beamer@leftmargin=\dimen111
\beamer@rightmargin=\dimen112
\beamer@leftsidebar=\dimen113
\beamer@rightsidebar=\dimen114
\beamer@boxsize=\dimen115
\beamer@vboxoffset=\dimen116
\beamer@descdefault=\dimen117
\beamer@descriptionwidth=\dimen118
\beamer@lastskip=\skip41
\beamer@areabox=\box28
\beamer@animcurrent=\box29
\beamer@animshowbox=\box30
\beamer@sectionbox=\box31
\beamer@logobox=\box32
\beamer@linebox=\box33
\beamer@sectioncount=\count84
\beamer@subsubsectionmax=\count85
\beamer@subsectionmax=\count86
\beamer@sectionmax=\count87
\beamer@totalheads=\count88
\beamer@headcounter=\count89
\beamer@partstartpage=\count90
\beamer@sectionstartpage=\count91
\beamer@subsectionstartpage=\count92
\beamer@animationtempa=\count93
\beamer@animationtempb=\count94
\beamer@xpos=\count95
\beamer@ypos=\count96
\beamer@showpartnumber=\count97
\beamer@currentsubsection=\count98
\beamer@coveringdepth=\count99
\beamer@sectionadjust=\count100
\beamer@tocsectionnumber=\count101

(/usr/share/texmf/tex/latex/beamer/base/beamerbaseoptions.sty
Package: beamerbaseoptions 2010/04/27 (rcs-revision 982469101dd6)

(/usr/share/texlive/texmf-dist/tex/latex/graphics/keyval.sty
Package: keyval 1999/03/16 v1.13 key=value parser (DPC)
\KV@toks@=\toks14
))
\beamer@paperwidth=\skip42
\beamer@paperheight=\skip43

(/usr/share/texlive/texmf-dist/tex/latex/geometry/geometry.sty
Package: geometry 2010/09/12 v5.6 Page Geometry

(/usr/share/texlive/texmf-dist/tex/generic/oberdiek/ifvtex.sty
Package: ifvtex 2010/03/01 v1.5 Detect VTeX and its facilities (HO)
Package ifvtex Info: VTeX not detected.
)
(/usr/share/texlive/texmf-dist/tex/generic/ifxetex/ifxetex.sty
Package: ifxetex 2010/09/12 v0.6 Provides ifxetex conditional
)
\Gm@cnth=\count102
\Gm@cntv=\count103
\c@Gm@tempcnt=\count104
\Gm@bindingoffset=\dimen119
\Gm@wd@mp=\dimen120
\Gm@odd@mp=\dimen121
\Gm@even@mp=\dimen122
\Gm@layoutwidth=\dimen123
\Gm@layoutheight=\dimen124
\Gm@layouthoffset=\dimen125
\Gm@layoutvoffset=\dimen126
\Gm@dimlist=\toks15
)
(/usr/share/texlive/texmf-dist/tex/latex/base/size11.clo
File: size11.clo 2007/10/19 v1.4h Standard LaTeX file (size option)
)
(/usr/share/texmf/tex/latex/pgf/basiclayer/pgfcore.sty
(/usr/share/texlive/texmf-dist/tex/latex/graphics/graphicx.sty
Package: graphicx 1999/02/16 v1.0f Enhanced LaTeX Graphics (DPC,SPQR)

(/usr/share/texlive/texmf-dist/tex/latex/graphics/graphics.sty
Package: graphics 2009/02/05 v1.0o Standard LaTeX Graphics (DPC,SPQR)

(/usr/share/texlive/texmf-dist/tex/latex/graphics/trig.sty
Package: trig 1999/03/16 v1.09 sin cos tan (DPC)
)
(/usr/share/texlive/texmf-dist/tex/latex/latexconfig/graphics.cfg
File: graphics.cfg 2010/04/23 v1.9 graphics configuration of TeX Live
)
Package graphics Info: Driver file: pdftex.def on input line 91.

(/usr/share/texlive/texmf-dist/tex/latex/pdftex-def/pdftex.def
File: pdftex.def 2011/05/27 v0.06d Graphics/color for pdfTeX

(/usr/share/texlive/texmf-dist/tex/generic/oberdiek/infwarerr.sty
Package: infwarerr 2010/04/08 v1.3 Providing info/warning/error messages (HO)
)
(/usr/share/texlive/texmf-dist/tex/generic/oberdiek/ltxcmds.sty
Package: ltxcmds 2011/11/09 v1.22 LaTeX kernel commands for general use (HO)
)
\Gread@gobject=\count105
))
\Gin@req@height=\dimen127
\Gin@req@width=\dimen128
)
(/usr/share/texmf/tex/latex/pgf/systemlayer/pgfsys.sty
(/usr/share/texmf/tex/latex/pgf/utilities/pgfrcs.sty
(/usr/share/texmf/tex/generic/pgf/utilities/pgfutil-common.tex
\pgfutil@everybye=\toks16
)
(/usr/share/texmf/tex/generic/pgf/utilities/pgfutil-latex.def
\pgfutil@abb=\box34

(/usr/share/texlive/texmf-dist/tex/latex/ms/everyshi.sty
Package: everyshi 2001/05/15 v3.00 EveryShipout Package (MS)
))
(/usr/share/texmf/tex/generic/pgf/utilities/pgfrcs.code.tex
Package: pgfrcs 2010/10/25 v2.10 (rcs-revision 1.24)
))
(/usr/share/texmf/tex/generic/pgf/systemlayer/pgfsys.code.tex
Package: pgfsys 2010/06/30 v2.10 (rcs-revision 1.37)

(/usr/share/texmf/tex/generic/pgf/utilities/pgfkeys.code.tex
\pgfkeys@pathtoks=\toks17
\pgfkeys@temptoks=\toks18

(/usr/share/texmf/tex/generic/pgf/utilities/pgfkeysfiltered.code.tex
\pgfkeys@tmptoks=\toks19
))
\pgf@x=\dimen129
\pgf@y=\dimen130
\pgf@xa=\dimen131
\pgf@ya=\dimen132
\pgf@xb=\dimen133
\pgf@yb=\dimen134
\pgf@xc=\dimen135
\pgf@yc=\dimen136
\w@pgf@writea=\write3
\r@pgf@reada=\read1
\c@pgf@counta=\count106
\c@pgf@countb=\count107
\c@pgf@countc=\count108
\c@pgf@countd=\count109

(/usr/share/texmf/tex/generic/pgf/systemlayer/pgf.cfg
File: pgf.cfg 2008/05/14  (rcs-revision 1.7)
)
Package pgfsys Info: Driver file for pgf: pgfsys-pdftex.def on input line 900.

(/usr/share/texmf/tex/generic/pgf/systemlayer/pgfsys-pdftex.def
File: pgfsys-pdftex.def 2009/05/22  (rcs-revision 1.26)

(/usr/share/texmf/tex/generic/pgf/systemlayer/pgfsys-common-pdf.def
File: pgfsys-common-pdf.def 2008/05/19  (rcs-revision 1.10)
)))
(/usr/share/texmf/tex/generic/pgf/systemlayer/pgfsyssoftpath.code.tex
File: pgfsyssoftpath.code.tex 2008/07/18  (rcs-revision 1.7)
\pgfsyssoftpath@smallbuffer@items=\count110
\pgfsyssoftpath@bigbuffer@items=\count111
)
(/usr/share/texmf/tex/generic/pgf/systemlayer/pgfsysprotocol.code.tex
File: pgfsysprotocol.code.tex 2006/10/16  (rcs-revision 1.4)
))
(/usr/share/texmf/tex/latex/xcolor/xcolor.sty
Package: xcolor 2007/01/21 v2.11 LaTeX color extensions (UK)

(/usr/share/texlive/texmf-dist/tex/latex/latexconfig/color.cfg
File: color.cfg 2007/01/18 v1.5 color configuration of teTeX/TeXLive
)
Package xcolor Info: Driver file: pdftex.def on input line 225.
Package xcolor Info: Model `cmy' substituted by `cmy0' on input line 1337.
Package xcolor Info: Model `hsb' substituted by `rgb' on input line 1341.
Package xcolor Info: Model `RGB' extended on input line 1353.
Package xcolor Info: Model `HTML' substituted by `rgb' on input line 1355.
Package xcolor Info: Model `Hsb' substituted by `hsb' on input line 1356.
Package xcolor Info: Model `tHsb' substituted by `hsb' on input line 1357.
Package xcolor Info: Model `HSB' substituted by `hsb' on input line 1358.
Package xcolor Info: Model `Gray' substituted by `gray' on input line 1359.
Package xcolor Info: Model `wave' substituted by `hsb' on input line 1360.
)
(/usr/share/texmf/tex/generic/pgf/basiclayer/pgfcore.code.tex
Package: pgfcore 2010/04/11 v2.10 (rcs-revision 1.7)

(/usr/share/texmf/tex/generic/pgf/math/pgfmath.code.tex
(/usr/share/texmf/tex/generic/pgf/math/pgfmathcalc.code.tex
(/usr/share/texmf/tex/generic/pgf/math/pgfmathutil.code.tex)
(/usr/share/texmf/tex/generic/pgf/math/pgfmathparser.code.tex
\pgfmath@dimen=\dimen137
\pgfmath@count=\count112
\pgfmath@box=\box35
\pgfmath@toks=\toks20
\pgfmath@stack@operand=\toks21
\pgfmath@stack@operation=\toks22
)
(/usr/share/texmf/tex/generic/pgf/math/pgfmathfunctions.code.tex
(/usr/share/texmf/tex/generic/pgf/math/pgfmathfunctions.basic.code.tex)
(/usr/share/texmf/tex/generic/pgf/math/pgfmathfunctions.trigonometric.code.tex)
(/usr/share/texmf/tex/generic/pgf/math/pgfmathfunctions.random.code.tex)
(/usr/share/texmf/tex/generic/pgf/math/pgfmathfunctions.comparison.code.tex)
(/usr/share/texmf/tex/generic/pgf/math/pgfmathfunctions.base.code.tex)
(/usr/share/texmf/tex/generic/pgf/math/pgfmathfunctions.round.code.tex)
(/usr/share/texmf/tex/generic/pgf/math/pgfmathfunctions.misc.code.tex)))
(/usr/share/texmf/tex/generic/pgf/math/pgfmathfloat.code.tex
\c@pgfmathroundto@lastzeros=\count113
))
(/usr/share/texmf/tex/generic/pgf/basiclayer/pgfcorepoints.code.tex
File: pgfcorepoints.code.tex 2010/04/09  (rcs-revision 1.20)
\pgf@picminx=\dimen138
\pgf@picmaxx=\dimen139
\pgf@picminy=\dimen140
\pgf@picmaxy=\dimen141
\pgf@pathminx=\dimen142
\pgf@pathmaxx=\dimen143
\pgf@pathminy=\dimen144
\pgf@pathmaxy=\dimen145
\pgf@xx=\dimen146
\pgf@xy=\dimen147
\pgf@yx=\dimen148
\pgf@yy=\dimen149
\pgf@zx=\dimen150
\pgf@zy=\dimen151
)
(/usr/share/texmf/tex/generic/pgf/basiclayer/pgfcorepathconstruct.code.tex
File: pgfcorepathconstruct.code.tex 2010/08/03  (rcs-revision 1.24)
\pgf@path@lastx=\dimen152
\pgf@path@lasty=\dimen153
)
(/usr/share/texmf/tex/generic/pgf/basiclayer/pgfcorepathusage.code.tex
File: pgfcorepathusage.code.tex 2008/04/22  (rcs-revision 1.12)
\pgf@shorten@end@additional=\dimen154
\pgf@shorten@start@additional=\dimen155
)
(/usr/share/texmf/tex/generic/pgf/basiclayer/pgfcorescopes.code.tex
File: pgfcorescopes.code.tex 2010/09/08  (rcs-revision 1.34)
\pgfpic=\box36
\pgf@hbox=\box37
\pgf@layerbox@main=\box38
\pgf@picture@serial@count=\count114
)
(/usr/share/texmf/tex/generic/pgf/basiclayer/pgfcoregraphicstate.code.tex
File: pgfcoregraphicstate.code.tex 2008/04/22  (rcs-revision 1.9)
\pgflinewidth=\dimen156
)
(/usr/share/texmf/tex/generic/pgf/basiclayer/pgfcoretransformations.code.tex
File: pgfcoretransformations.code.tex 2009/06/10  (rcs-revision 1.11)
\pgf@pt@x=\dimen157
\pgf@pt@y=\dimen158
\pgf@pt@temp=\dimen159
)
(/usr/share/texmf/tex/generic/pgf/basiclayer/pgfcorequick.code.tex
File: pgfcorequick.code.tex 2008/10/09  (rcs-revision 1.3)
)
(/usr/share/texmf/tex/generic/pgf/basiclayer/pgfcoreobjects.code.tex
File: pgfcoreobjects.code.tex 2006/10/11  (rcs-revision 1.2)
)
(/usr/share/texmf/tex/generic/pgf/basiclayer/pgfcorepathprocessing.code.tex
File: pgfcorepathprocessing.code.tex 2008/10/09  (rcs-revision 1.8)
)
(/usr/share/texmf/tex/generic/pgf/basiclayer/pgfcorearrows.code.tex
File: pgfcorearrows.code.tex 2008/04/23  (rcs-revision 1.11)
)
(/usr/share/texmf/tex/generic/pgf/basiclayer/pgfcoreshade.code.tex
File: pgfcoreshade.code.tex 2008/11/23  (rcs-revision 1.13)
\pgf@max=\dimen160
\pgf@sys@shading@range@num=\count115
)
(/usr/share/texmf/tex/generic/pgf/basiclayer/pgfcoreimage.code.tex
File: pgfcoreimage.code.tex 2010/03/25  (rcs-revision 1.16)

(/usr/share/texmf/tex/generic/pgf/basiclayer/pgfcoreexternal.code.tex
File: pgfcoreexternal.code.tex 2010/09/01  (rcs-revision 1.17)
\pgfexternal@startupbox=\box39
))
(/usr/share/texmf/tex/generic/pgf/basiclayer/pgfcorelayers.code.tex
File: pgfcorelayers.code.tex 2010/08/27  (rcs-revision 1.2)
)
(/usr/share/texmf/tex/generic/pgf/basiclayer/pgfcoretransparency.code.tex
File: pgfcoretransparency.code.tex 2008/01/17  (rcs-revision 1.2)
)
(/usr/share/texmf/tex/generic/pgf/basiclayer/pgfcorepatterns.code.tex
File: pgfcorepatterns.code.tex 2009/07/02  (rcs-revision 1.3)
)))
(/usr/share/texmf/tex/latex/pgf/utilities/xxcolor.sty
Package: xxcolor 2003/10/24 ver 0.1
\XC@nummixins=\count116
\XC@countmixins=\count117
)
(/usr/share/texlive/texmf-dist/tex/latex/hyperref/hyperref.sty
Package: hyperref 2012/11/06 v6.83m Hypertext links for LaTeX

(/usr/share/texlive/texmf-dist/tex/generic/oberdiek/hobsub-hyperref.sty
Package: hobsub-hyperref 2012/05/28 v1.13 Bundle oberdiek, subset hyperref (HO)


(/usr/share/texlive/texmf-dist/tex/generic/oberdiek/hobsub-generic.sty
Package: hobsub-generic 2012/05/28 v1.13 Bundle oberdiek, subset generic (HO)
Package: hobsub 2012/05/28 v1.13 Construct package bundles (HO)
Package hobsub Info: Skipping package `infwarerr' (already loaded).
Package hobsub Info: Skipping package `ltxcmds' (already loaded).
Package: ifluatex 2010/03/01 v1.3 Provides the ifluatex switch (HO)
Package ifluatex Info: LuaTeX not detected.
Package hobsub Info: Skipping package `ifvtex' (already loaded).
Package: intcalc 2007/09/27 v1.1 Expandable calculations with integers (HO)
Package hobsub Info: Skipping package `ifpdf' (already loaded).
Package: etexcmds 2011/02/16 v1.5 Avoid name clashes with e-TeX commands (HO)
Package etexcmds Info: Could not find \expanded.
(etexcmds)             That can mean that you are not using pdfTeX 1.50 or
(etexcmds)             that some package has redefined \expanded.
(etexcmds)             In the latter case, load this package earlier.
Package: kvsetkeys 2012/04/25 v1.16 Key value parser (HO)
Package: kvdefinekeys 2011/04/07 v1.3 Define keys (HO)
Package: pdftexcmds 2011/11/29 v0.20 Utility functions of pdfTeX for LuaTeX (HO
)
Package pdftexcmds Info: LuaTeX not detected.
Package pdftexcmds Info: \pdf@primitive is available.
Package pdftexcmds Info: \pdf@ifprimitive is available.
Package pdftexcmds Info: \pdfdraftmode found.
Package: pdfescape 2011/11/25 v1.13 Implements pdfTeX's escape features (HO)
Package: bigintcalc 2012/04/08 v1.3 Expandable calculations on big integers (HO
)
Package: bitset 2011/01/30 v1.1 Handle bit-vector datatype (HO)
Package: uniquecounter 2011/01/30 v1.2 Provide unlimited unique counter (HO)
)
Package hobsub Info: Skipping package `hobsub' (already loaded).
Package: letltxmacro 2010/09/02 v1.4 Let assignment for LaTeX macros (HO)
Package: hopatch 2012/05/28 v1.2 Wrapper for package hooks (HO)
Package: xcolor-patch 2011/01/30 xcolor patch
Package: atveryend 2011/06/30 v1.8 Hooks at the very end of document (HO)
Package atveryend Info: \enddocument detected (standard20110627).
Package: atbegshi 2011/10/05 v1.16 At begin shipout hook (HO)
Package: refcount 2011/10/16 v3.4 Data extraction from label references (HO)
Package: hycolor 2011/01/30 v1.7 Color options for hyperref/bookmark (HO)
)
(/usr/share/texlive/texmf-dist/tex/latex/oberdiek/auxhook.sty
Package: auxhook 2011/03/04 v1.3 Hooks for auxiliary files (HO)
)
(/usr/share/texlive/texmf-dist/tex/latex/oberdiek/kvoptions.sty
Package: kvoptions 2011/06/30 v3.11 Key value format for package options (HO)
)
\@linkdim=\dimen161
\Hy@linkcounter=\count118
\Hy@pagecounter=\count119

(/usr/share/texlive/texmf-dist/tex/latex/hyperref/pd1enc.def
File: pd1enc.def 2012/11/06 v6.83m Hyperref: PDFDocEncoding definition (HO)
)
\Hy@SavedSpaceFactor=\count120

(/usr/share/texlive/texmf-dist/tex/latex/latexconfig/hyperref.cfg
File: hyperref.cfg 2002/06/06 v1.2 hyperref configuration of TeXLive
)
Package hyperref Info: Option `bookmarks' set `true' on input line 4319.
Package hyperref Info: Option `bookmarksopen' set `true' on input line 4319.
Package hyperref Info: Option `implicit' set `false' on input line 4319.
Package hyperref Info: Hyper figures OFF on input line 4443.
Package hyperref Info: Link nesting OFF on input line 4448.
Package hyperref Info: Hyper index ON on input line 4451.
Package hyperref Info: Plain pages OFF on input line 4458.
Package hyperref Info: Backreferencing OFF on input line 4463.
Package hyperref Info: Implicit mode OFF; no redefinition of LaTeX internals.
Package hyperref Info: Bookmarks ON on input line 4688.
\c@Hy@tempcnt=\count121

(/usr/share/texlive/texmf-dist/tex/latex/url/url.sty
\Urlmuskip=\muskip10
Package: url 2013/09/16  ver 3.4  Verb mode for urls, etc.
)
LaTeX Info: Redefining \url on input line 5041.
\XeTeXLinkMargin=\dimen162
\Fld@menulength=\count122
\Field@Width=\dimen163
\Fld@charsize=\dimen164
Package hyperref Info: Hyper figures OFF on input line 6295.
Package hyperref Info: Link nesting OFF on input line 6300.
Package hyperref Info: Hyper index ON on input line 6303.
Package hyperref Info: backreferencing OFF on input line 6310.
Package hyperref Info: Link coloring OFF on input line 6315.
Package hyperref Info: Link coloring with OCG OFF on input line 6320.
Package hyperref Info: PDF/A mode OFF on input line 6325.
LaTeX Info: Redefining \ref on input line 6365.
LaTeX Info: Redefining \pageref on input line 6369.
\Hy@abspage=\count123


Package hyperref Message: Stopped early.

)

Package hyperref Message: Driver (autodetected): hpdftex.

(/usr/share/texlive/texmf-dist/tex/latex/hyperref/hpdftex.def
File: hpdftex.def 2012/11/06 v6.83m Hyperref driver for pdfTeX
\Fld@listcount=\count124
\c@bookmark@seq@number=\count125

(/usr/share/texlive/texmf-dist/tex/latex/oberdiek/rerunfilecheck.sty
Package: rerunfilecheck 2011/04/15 v1.7 Rerun checks for auxiliary files (HO)
Package uniquecounter Info: New unique counter `rerunfilecheck' on input line 2
82.
))
(/usr/share/texmf/tex/latex/beamer/base/beamerbaserequires.sty
Package: beamerbaserequires 2010/05/01  (rcs-revision efa082c6111d)

(/usr/share/texmf/tex/latex/beamer/base/beamerbasecompatibility.sty
Package: beamerbasecompatibility 2012/05/01  (rcs-revision 67c48b3b652d)
)
(/usr/share/texmf/tex/latex/beamer/base/beamerbasefont.sty
Package: beamerbasefont 2012/09/19  (rcs-revision 733629cd0c6c)

(/usr/share/texlive/texmf-dist/tex/latex/amsfonts/amssymb.sty
Package: amssymb 2013/01/14 v3.01 AMS font symbols

(/usr/share/texlive/texmf-dist/tex/latex/amsfonts/amsfonts.sty
Package: amsfonts 2013/01/14 v3.01 Basic AMSFonts support
\@emptytoks=\toks23
\symAMSa=\mathgroup4
\symAMSb=\mathgroup5
LaTeX Font Info:    Overwriting math alphabet `\mathfrak' in version `bold'
(Font)                  U/euf/m/n --> U/euf/b/n on input line 106.
)))
(/usr/share/texmf/tex/latex/beamer/base/beamerbasetranslator.sty
Package: beamerbasetranslator 2010/06/11  (rcs-revision 85fd1cc7fc42)

(/usr/share/texmf/tex/latex/beamer/base/translator/translator.sty
Package: translator 2010/06/12 ver 1.10

(/usr/share/texmf/tex/latex/beamer/base/translator/translator-language-mappings
.tex))) (/usr/share/texmf/tex/latex/beamer/base/beamerbasemisc.sty
Package: beamerbasemisc 2012/02/24  (rcs-revision 2ff5461be705)
)
(/usr/share/texmf/tex/latex/beamer/base/beamerbasetwoscreens.sty
Package: beamerbasetwoscreens 2010/05/01  (rcs-revision efa082c6111d)
)
(/usr/share/texmf/tex/latex/beamer/base/beamerbaseoverlay.sty
Package: beamerbaseoverlay 2012/11/11  (rcs-revision 6afbc49b1109)
\beamer@argscount=\count126
\beamer@lastskipcover=\skip44
\beamer@trivlistdepth=\count127
)
(/usr/share/texmf/tex/latex/beamer/base/beamerbasetitle.sty
Package: beamerbasetitle 2010/09/21  (rcs-revision f0446ed0b6ae)
)
(/usr/share/texmf/tex/latex/beamer/base/beamerbasesection.sty
Package: beamerbasesection 2012/11/11  (rcs-revision 0056eef6f17f)
\c@lecture=\count128
\c@part=\count129
\c@section=\count130
\c@subsection=\count131
\c@subsubsection=\count132
)
(/usr/share/texmf/tex/latex/beamer/base/beamerbaseframe.sty
Package: beamerbaseframe 2012/09/13  (rcs-revision dcd846607320)
\beamer@framebox=\box40
\beamer@frametitlebox=\box41
\beamer@zoombox=\box42
\beamer@zoomcount=\count133
\beamer@zoomframecount=\count134
\beamer@frametextheight=\dimen165
\c@subsectionslide=\count135
\beamer@frametopskip=\skip45
\beamer@framebottomskip=\skip46
\beamer@frametopskipautobreak=\skip47
\beamer@framebottomskipautobreak=\skip48
\beamer@envbody=\toks24
\framewidth=\dimen166
\c@framenumber=\count136
)
(/usr/share/texmf/tex/latex/beamer/base/beamerbaseverbatim.sty
Package: beamerbaseverbatim 2012/08/30  (rcs-revision dfdb135076b3)
\beamer@verbatimfileout=\write4
)
(/usr/share/texmf/tex/latex/beamer/base/beamerbaseframesize.sty
Package: beamerbaseframesize 2011/09/12  (rcs-revision 70f9d8411e54)
\beamer@splitbox=\box43
\beamer@autobreakcount=\count137
\beamer@autobreaklastheight=\dimen167
\beamer@frametitletoks=\toks25
\beamer@framesubtitletoks=\toks26
)
(/usr/share/texmf/tex/latex/beamer/base/beamerbaseframecomponents.sty
Package: beamerbaseframecomponents 2012/09/13  (rcs-revision dcd846607320)
\beamer@footins=\box44
)
(/usr/share/texmf/tex/latex/beamer/base/beamerbasecolor.sty
Package: beamerbasecolor 2010/06/06  (rcs-revision d1a9b48be06d)
)
(/usr/share/texmf/tex/latex/beamer/base/beamerbasenotes.sty
Package: beamerbasenotes 2010/05/01  (rcs-revision efa082c6111d)
\beamer@frameboxcopy=\box45
)
(/usr/share/texmf/tex/latex/beamer/base/beamerbasetoc.sty
Package: beamerbasetoc 2012/10/02  (rcs-revision 5ed0f4010e8a)
)
(/usr/share/texmf/tex/latex/beamer/base/beamerbasetemplates.sty
Package: beamerbasetemplates 2010/05/01  (rcs-revision efa082c6111d)
\beamer@sbttoks=\toks27

(/usr/share/texmf/tex/latex/beamer/base/beamerbaseauxtemplates.sty
Package: beamerbaseauxtemplates 2012/05/01  (rcs-revision 67c48b3b652d)

(/usr/share/texmf/tex/latex/beamer/base/beamerbaseboxes.sty
Package: beamerbaseboxes 2012/05/13  (rcs-revision 56972908a390)
\bmb@box=\box46
\bmb@colorbox=\box47
\bmb@boxshadow=\box48
\bmb@boxshadowball=\box49
\bmb@boxshadowballlarge=\box50
\bmb@temp=\dimen168
\bmb@dima=\dimen169
\bmb@dimb=\dimen170
\bmb@prevheight=\dimen171
)
\beamer@blockheadheight=\dimen172
))
(/usr/share/texmf/tex/latex/beamer/base/beamerbaselocalstructure.sty
Package: beamerbaselocalstructure 2012/11/13  (rcs-revision ddfba79dac19)

(/usr/share/texlive/texmf-dist/tex/latex/tools/enumerate.sty
Package: enumerate 1999/03/05 v3.00 enumerate extensions (DPC)
\@enLab=\toks28
)
\c@figure=\count138
\c@table=\count139
\abovecaptionskip=\skip49
\belowcaptionskip=\skip50
)
(/usr/share/texmf/tex/latex/beamer/base/beamerbasenavigation.sty
Package: beamerbasenavigation 2012/04/03  (rcs-revision 42a0f21a412d)
\beamer@section@min@dim=\dimen173
)
(/usr/share/texmf/tex/latex/beamer/base/beamerbasetheorems.sty
Package: beamerbasetheorems 2010/06/06  (rcs-revision 7e7cc5e53e9d)

(/usr/share/texlive/texmf-dist/tex/latex/amsmath/amsmath.sty
Package: amsmath 2013/01/14 v2.14 AMS math features
\@mathmargin=\skip51

For additional information on amsmath, use the `?' option.
(/usr/share/texlive/texmf-dist/tex/latex/amsmath/amstext.sty
Package: amstext 2000/06/29 v2.01

(/usr/share/texlive/texmf-dist/tex/latex/amsmath/amsgen.sty
File: amsgen.sty 1999/11/30 v2.0
\@emptytoks=\toks29
\ex@=\dimen174
))
(/usr/share/texlive/texmf-dist/tex/latex/amsmath/amsbsy.sty
Package: amsbsy 1999/11/29 v1.2d
\pmbraise@=\dimen175
)
(/usr/share/texlive/texmf-dist/tex/latex/amsmath/amsopn.sty
Package: amsopn 1999/12/14 v2.01 operator names
)
\inf@bad=\count140
LaTeX Info: Redefining \frac on input line 210.
\uproot@=\count141
\leftroot@=\count142
LaTeX Info: Redefining \overline on input line 306.
\classnum@=\count143
\DOTSCASE@=\count144
LaTeX Info: Redefining \ldots on input line 378.
LaTeX Info: Redefining \dots on input line 381.
LaTeX Info: Redefining \cdots on input line 466.
\Mathstrutbox@=\box51
\strutbox@=\box52
\big@size=\dimen176
LaTeX Font Info:    Redeclaring font encoding OML on input line 566.
LaTeX Font Info:    Redeclaring font encoding OMS on input line 567.
\macc@depth=\count145
\c@MaxMatrixCols=\count146
\dotsspace@=\muskip11
\c@parentequation=\count147
\dspbrk@lvl=\count148
\tag@help=\toks30
\row@=\count149
\column@=\count150
\maxfields@=\count151
\andhelp@=\toks31
\eqnshift@=\dimen177
\alignsep@=\dimen178
\tagshift@=\dimen179
\tagwidth@=\dimen180
\totwidth@=\dimen181
\lineht@=\dimen182
\@envbody=\toks32
\multlinegap=\skip52
\multlinetaggap=\skip53
\mathdisplay@stack=\toks33
LaTeX Info: Redefining \[ on input line 2665.
LaTeX Info: Redefining \] on input line 2666.
)
(/usr/share/texlive/texmf-dist/tex/latex/amscls/amsthm.sty
Package: amsthm 2004/08/06 v2.20
\thm@style=\toks34
\thm@bodyfont=\toks35
\thm@headfont=\toks36
\thm@notefont=\toks37
\thm@headpunct=\toks38
\thm@preskip=\skip54
\thm@postskip=\skip55
\thm@headsep=\skip56
\dth@everypar=\toks39
)
\c@theorem=\count152
)
(/usr/share/texmf/tex/latex/beamer/base/beamerbasethemes.sty
Package: beamerbasethemes 2010/05/01  (rcs-revision efa082c6111d)
))
(/usr/share/texmf/tex/latex/beamer/base/themes/theme/beamerthemedefault.sty
Package: beamerthemedefault 2010/06/17  (rcs-revision d02a7cf4d8ae)

(/usr/share/texmf/tex/latex/beamer/base/themes/font/beamerfontthemedefault.sty
Package: beamerfontthemedefault 2010/06/17  (rcs-revision d02a7cf4d8ae)
)
(/usr/share/texmf/tex/latex/beamer/base/themes/color/beamercolorthemedefault.st
y
Package: beamercolorthemedefault 2010/06/17  (rcs-revision d02a7cf4d8ae)
)
(/usr/share/texmf/tex/latex/beamer/base/themes/inner/beamerinnerthemedefault.st
y
Package: beamerinnerthemedefault 2012/05/01  (rcs-revision 67c48b3b652d)
\beamer@dima=\dimen183
\beamer@dimb=\dimen184
)
(/usr/share/texmf/tex/latex/beamer/base/themes/outer/beamerouterthemedefault.st
y
Package: beamerouterthemedefault 2012/10/02  (rcs-revision 5ed0f4010e8a)
)))
(/usr/share/texmf/tex/latex/beamer/base/themes/theme/beamerthemeCopenhagen.sty
Package: beamerthemeCopenhagen 2010/06/17  (rcs-revision d02a7cf4d8ae)

(/usr/share/texmf/tex/latex/beamer/base/themes/outer/beamerouterthemesplit.sty
Package: beamerouterthemesplit 2012/10/16  (rcs-revision 51a8c72084af)
)
(/usr/share/texmf/tex/latex/beamer/base/themes/inner/beamerinnerthemerounded.st
y
Package: beamerinnerthemerounded 2010/06/17  (rcs-revision d02a7cf4d8ae)
)
(/usr/share/texmf/tex/latex/beamer/base/themes/color/beamercolorthemewhale.sty
Package: beamercolorthemewhale 2010/06/17  (rcs-revision d02a7cf4d8ae)
)
(/usr/share/texmf/tex/latex/beamer/base/themes/color/beamercolorthemeorchid.sty
Package: beamercolorthemeorchid 2010/06/17  (rcs-revision d02a7cf4d8ae)
)) (./7_Heap_UnionFind.aux)
\openout1 = `7_Heap_UnionFind.aux'.

LaTeX Font Info:    Checking defaults for OML/cmm/m/it on input line 26.
LaTeX Font Info:    ... okay on input line 26.
LaTeX Font Info:    Checking defaults for T1/cmr/m/n on input line 26.
LaTeX Font Info:    ... okay on input line 26.
LaTeX Font Info:    Checking defaults for OT1/cmr/m/n on input line 26.
LaTeX Font Info:    ... okay on input line 26.
LaTeX Font Info:    Checking defaults for OMS/cmsy/m/n on input line 26.
LaTeX Font Info:    ... okay on input line 26.
LaTeX Font Info:    Checking defaults for OMX/cmex/m/n on input line 26.
LaTeX Font Info:    ... okay on input line 26.
LaTeX Font Info:    Checking defaults for U/cmr/m/n on input line 26.
LaTeX Font Info:    ... okay on input line 26.
LaTeX Font Info:    Checking defaults for PD1/pdf/m/n on input line 26.
LaTeX Font Info:    ... okay on input line 26.

*geometry* driver: auto-detecting
*geometry* detected driver: pdftex
*geometry* verbose mode - [ preamble ] result:
* driver: pdftex
* paper: custom
* layout: <same size as paper>
* layoutoffset:(h,v)=(0.0pt,0.0pt)
* modes: includehead includefoot 
* h-part:(L,W,R)=(28.45274pt, 307.28987pt, 28.45274pt)
* v-part:(T,H,B)=(0.0pt, 273.14662pt, 0.0pt)
* \paperwidth=364.19536pt
* \paperheight=273.14662pt
* \textwidth=307.28987pt
* \textheight=244.6939pt
* \oddsidemargin=-43.81725pt
* \evensidemargin=-43.81725pt
* \topmargin=-72.26999pt
* \headheight=14.22636pt
* \headsep=0.0pt
* \topskip=11.0pt
* \footskip=14.22636pt
* \marginparwidth=4.0pt
* \marginparsep=10.0pt
* \columnsep=10.0pt
* \skip\footins=10.0pt plus 4.0pt minus 2.0pt
* \hoffset=0.0pt
* \voffset=0.0pt
* \mag=1000
* \@twocolumnfalse
* \@twosidefalse
* \@mparswitchfalse
* \@reversemarginfalse
* (1in=72.27pt=25.4mm, 1cm=28.453pt)

(/usr/share/texlive/texmf-dist/tex/context/base/supp-pdf.mkii
[Loading MPS to PDF converter (version 2006.09.02).]
\scratchcounter=\count153
\scratchdimen=\dimen185
\scratchbox=\box53
\nofMPsegments=\count154
\nofMParguments=\count155
\everyMPshowfont=\toks40
\MPscratchCnt=\count156
\MPscratchDim=\dimen186
\MPnumerator=\count157
\makeMPintoPDFobject=\count158
\everyMPtoPDFconversion=\toks41
) (/usr/share/texlive/texmf-dist/tex/latex/oberdiek/epstopdf-base.sty
Package: epstopdf-base 2010/02/09 v2.5 Base part for package epstopdf

(/usr/share/texlive/texmf-dist/tex/latex/oberdiek/grfext.sty
Package: grfext 2010/08/19 v1.1 Manage graphics extensions (HO)
)
Package grfext Info: Graphics extension search list:
(grfext)             [.png,.pdf,.jpg,.mps,.jpeg,.jbig2,.jb2,.PNG,.PDF,.JPG,.JPE
G,.JBIG2,.JB2,.eps]
(grfext)             \AppendGraphicsExtensions on input line 452.

(/usr/share/texlive/texmf-dist/tex/latex/latexconfig/epstopdf-sys.cfg
File: epstopdf-sys.cfg 2010/07/13 v1.3 Configuration of (r)epstopdf for TeX Liv
e
))
ABD: EveryShipout initializing macros
\AtBeginShipoutBox=\box54
Package hyperref Info: Link coloring OFF on input line 26.

(/usr/share/texlive/texmf-dist/tex/latex/hyperref/nameref.sty
Package: nameref 2012/10/27 v2.43 Cross-referencing by name of section

(/usr/share/texlive/texmf-dist/tex/generic/oberdiek/gettitlestring.sty
Package: gettitlestring 2010/12/03 v1.4 Cleanup title references (HO)
)
\c@section@level=\count159
)
LaTeX Info: Redefining \ref on input line 26.
LaTeX Info: Redefining \pageref on input line 26.
LaTeX Info: Redefining \nameref on input line 26.

(./7_Heap_UnionFind.out) (./7_Heap_UnionFind.out)
\@outlinefile=\write5
\openout5 = `7_Heap_UnionFind.out'.

LaTeX Font Info:    Overwriting symbol font `operators' in version `normal'
(Font)                  OT1/cmr/m/n --> OT1/cmss/m/n on input line 26.
LaTeX Font Info:    Overwriting symbol font `operators' in version `bold'
(Font)                  OT1/cmr/bx/n --> OT1/cmss/bx/n on input line 26.
\symnumbers=\mathgroup6
\sympureletters=\mathgroup7
LaTeX Font Info:    Overwriting math alphabet `\mathrm' in version `normal'
(Font)                  OT1/cmss/m/n --> OT1/cmr/m/n on input line 26.
LaTeX Font Info:    Redeclaring math alphabet \mathbf on input line 26.
LaTeX Font Info:    Overwriting math alphabet `\mathbf' in version `normal'
(Font)                  OT1/cmr/bx/n --> OT1/cmss/bx/n on input line 26.
LaTeX Font Info:    Overwriting math alphabet `\mathbf' in version `bold'
(Font)                  OT1/cmr/bx/n --> OT1/cmss/bx/n on input line 26.
LaTeX Font Info:    Redeclaring math alphabet \mathsf on input line 26.
LaTeX Font Info:    Overwriting math alphabet `\mathsf' in version `normal'
(Font)                  OT1/cmss/m/n --> OT1/cmss/m/n on input line 26.
LaTeX Font Info:    Overwriting math alphabet `\mathsf' in version `bold'
(Font)                  OT1/cmss/bx/n --> OT1/cmss/m/n on input line 26.
LaTeX Font Info:    Redeclaring math alphabet \mathit on input line 26.
LaTeX Font Info:    Overwriting math alphabet `\mathit' in version `normal'
(Font)                  OT1/cmr/m/it --> OT1/cmss/m/it on input line 26.
LaTeX Font Info:    Overwriting math alphabet `\mathit' in version `bold'
(Font)                  OT1/cmr/bx/it --> OT1/cmss/m/it on input line 26.
LaTeX Font Info:    Redeclaring math alphabet \mathtt on input line 26.
LaTeX Font Info:    Overwriting math alphabet `\mathtt' in version `normal'
(Font)                  OT1/cmtt/m/n --> OT1/cmtt/m/n on input line 26.
LaTeX Font Info:    Overwriting math alphabet `\mathtt' in version `bold'
(Font)                  OT1/cmtt/m/n --> OT1/cmtt/m/n on input line 26.
LaTeX Font Info:    Overwriting symbol font `numbers' in version `bold'
(Font)                  OT1/cmss/m/n --> OT1/cmss/bx/n on input line 26.
LaTeX Font Info:    Overwriting symbol font `pureletters' in version `bold'
(Font)                  OT1/cmss/m/it --> OT1/cmss/bx/it on input line 26.
LaTeX Font Info:    Overwriting math alphabet `\mathrm' in version `bold'
(Font)                  OT1/cmss/bx/n --> OT1/cmr/bx/n on input line 26.
LaTeX Font Info:    Overwriting math alphabet `\mathbf' in version `bold'
(Font)                  OT1/cmss/bx/n --> OT1/cmss/bx/n on input line 26.
LaTeX Font Info:    Overwriting math alphabet `\mathsf' in version `bold'
(Font)                  OT1/cmss/m/n --> OT1/cmss/bx/n on input line 26.
LaTeX Font Info:    Overwriting math alphabet `\mathit' in version `bold'
(Font)                  OT1/cmss/m/it --> OT1/cmss/bx/it on input line 26.
LaTeX Font Info:    Overwriting math alphabet `\mathtt' in version `bold'
(Font)                  OT1/cmtt/m/n --> OT1/cmtt/bx/n on input line 26.

(/usr/share/texmf/tex/latex/beamer/base/translator/dicts/translator-basic-dicti
onary/translator-basic-dictionary-English.dict
Dictionary: translator-basic-dictionary, Language: English 
)
(/usr/share/texmf/tex/latex/beamer/base/translator/dicts/translator-bibliograph
y-dictionary/translator-bibliography-dictionary-English.dict
Dictionary: translator-bibliography-dictionary, Language: English 
)
(/usr/share/texmf/tex/latex/beamer/base/translator/dicts/translator-environment
-dictionary/translator-environment-dictionary-English.dict
Dictionary: translator-environment-dictionary, Language: English 
)
(/usr/share/texmf/tex/latex/beamer/base/translator/dicts/translator-months-dict
ionary/translator-months-dictionary-English.dict
Dictionary: translator-months-dictionary, Language: English 
)
(/usr/share/texmf/tex/latex/beamer/base/translator/dicts/translator-numbers-dic
tionary/translator-numbers-dictionary-English.dict
Dictionary: translator-numbers-dictionary, Language: English 
)
(/usr/share/texmf/tex/latex/beamer/base/translator/dicts/translator-theorem-dic
tionary/translator-theorem-dictionary-English.dict
Dictionary: translator-theorem-dictionary, Language: English 
)
LaTeX Info: Redefining \includegraphics on input line 26.
 (./7_Heap_UnionFind.nav)

LaTeX Font Warning: Font shape `OT1/cmss/m/n' in size <4> not available
(Font)              size <5> substituted on input line 30.

[1

{/home/neo/.texmf-var/fonts/map/pdftex/updmap/pdftex.map}] [2

]
LaTeX Font Info:    Font shape `OT1/cmtt/bx/n' in size <17.28> not available
(Font)              Font shape `OT1/cmtt/m/n' tried instead on input line 58.
LaTeX Font Info:    Try loading font information for U+msa on input line 58.

(/usr/share/texlive/texmf-dist/tex/latex/amsfonts/umsa.fd
File: umsa.fd 2013/01/14 v3.01 AMS symbols A
)
LaTeX Font Info:    Try loading font information for U+msb on input line 58.

(/usr/share/texlive/texmf-dist/tex/latex/amsfonts/umsb.fd
File: umsb.fd 2013/01/14 v3.01 AMS symbols B
) [3

] [4

] [5

] [6

]
[7

] [8

] [9

] [10

] [11

] [12

] [13

] [14

] [15

] [16

]
<completeTreeEg.png, id=152, 544.0325pt x 282.05376pt>
File: completeTreeEg.png Graphic file (type png)

<use completeTreeEg.png>
Package pdftex.def Info: completeTreeEg.png used on input line 170.
(pdftex.def)             Requested size: 217.60915pt x 112.81949pt.
 [17

 <./completeTreeEg.png>] [18

]
<maxHeapEg.png, id=169, 497.86pt x 370.38374pt>
File: maxHeapEg.png Graphic file (type png)
 <use maxHeapEg.png>
Package pdftex.def Info: maxHeapEg.png used on input line 190.
(pdftex.def)             Requested size: 199.14047pt x 148.15086pt.
 [19

 <./maxHeapEg.png>] <heapOrNot.png, id=177, 803.0pt x 416.55624pt>
File: heapOrNot.png Graphic file (type png)
 <use heapOrNot.png>
Package pdftex.def Info: heapOrNot.png used on input line 197.
(pdftex.def)             Requested size: 321.1943pt x 166.61954pt.

Overfull \hbox (13.90443pt too wide) in paragraph at lines 197--197
 [] 
 []

[20

 <./heapOrNot.png>] [21

] [22

] [23

]
<maxHeapRepr.png, id=205, 670.505pt x 251.94125pt>
File: maxHeapRepr.png Graphic file (type png)
 <use maxHeapRepr.png>
Package pdftex.def Info: maxHeapRepr.png used on input line 231.
(pdftex.def)             Requested size: 268.19725pt x 100.7747pt.

[24

 <./maxHeapRepr.png>] [25

]
<maxHeapify1.png, id=219, 378.41376pt x 263.98625pt>
File: maxHeapify1.png Graphic file (type png)
 <use maxHeapify1.png>
Package pdftex.def Info: maxHeapify1.png used on input line 251.
(pdftex.def)             Requested size: 227.05pt x 158.39296pt.

[26

 <./maxHeapify1.png>] <maxHeapify2.png, id=226, 385.44pt x 262.9825pt>
File: maxHeapify2.png Graphic file (type png)

<use maxHeapify2.png>
Package pdftex.def Info: maxHeapify2.png used on input line 258.
(pdftex.def)             Requested size: 231.26578pt x 157.7907pt.
 [27

 <./maxHeapify2.png>]
<maxHeapify3.png, id=233, 358.33875pt x 247.92625pt>
File: maxHeapify3.png Graphic file (type png)
 <use maxHeapify3.png>
Package pdftex.def Info: maxHeapify3.png used on input line 265.
(pdftex.def)             Requested size: 215.0049pt x 148.7569pt.

[28

 <./maxHeapify3.png>] <heapInsert1.png, id=240, 490.08093pt x 392.96812pt>
File: heapInsert1.png Graphic file (type png)

<use heapInsert1.png>
Package pdftex.def Info: heapInsert1.png used on input line 271.
(pdftex.def)             Requested size: 245.03987pt x 196.48357pt.
 [29

 <./heapInsert1.png>]
<heapInsert2.png, id=247, 490.08093pt x 392.96812pt>
File: heapInsert2.png Graphic file (type png)
 <use heapInsert2.png>
Package pdftex.def Info: heapInsert2.png used on input line 278.
(pdftex.def)             Requested size: 245.03987pt x 196.48357pt.

[30

 <./heapInsert2.png>] <heapInsert3.png, id=254, 490.08093pt x 395.22656pt>
File: heapInsert3.png Graphic file (type png)

<use heapInsert3.png>
Package pdftex.def Info: heapInsert3.png used on input line 285.
(pdftex.def)             Requested size: 245.03987pt x 197.6128pt.
 [31

 <./heapInsert3.png>]
<heapInsert4.png, id=262, 490.08093pt x 395.22656pt>
File: heapInsert4.png Graphic file (type png)
 <use heapInsert4.png>
Package pdftex.def Info: heapInsert4.png used on input line 292.
(pdftex.def)             Requested size: 245.03987pt x 197.6128pt.

[32

 <./heapInsert4.png>] <heapInsert5.png, id=269, 490.08093pt x 395.97937pt>
File: heapInsert5.png Graphic file (type png)

<use heapInsert5.png>
Package pdftex.def Info: heapInsert5.png used on input line 299.
(pdftex.def)             Requested size: 245.03987pt x 197.9892pt.
 [33

 <./heapInsert5.png>] [34

] [35

] [36

] [37

]
<heapDelete1.png, id=302, 490.08093pt x 395.22656pt>
File: heapDelete1.png Graphic file (type png)
 <use heapDelete1.png>
Package pdftex.def Info: heapDelete1.png used on input line 327.
(pdftex.def)             Requested size: 245.03987pt x 197.6128pt.

[38

 <./heapDelete1.png>] <heapDelete2.png, id=309, 490.08093pt x 395.22656pt>
File: heapDelete2.png Graphic file (type png)

<use heapDelete2.png>
Package pdftex.def Info: heapDelete2.png used on input line 334.
(pdftex.def)             Requested size: 245.03987pt x 197.6128pt.
 [39

 <./heapDelete2.png>]
<heapDelete3.png, id=316, 490.08093pt x 393.72093pt>
File: heapDelete3.png Graphic file (type png)
 <use heapDelete3.png>
Package pdftex.def Info: heapDelete3.png used on input line 341.
(pdftex.def)             Requested size: 245.03987pt x 196.85999pt.

[40

 <./heapDelete3.png>] <heapDelete4.png, id=323, 490.08093pt x 393.72093pt>
File: heapDelete4.png Graphic file (type png)

<use heapDelete4.png>
Package pdftex.def Info: heapDelete4.png used on input line 349.
(pdftex.def)             Requested size: 245.03987pt x 196.85999pt.
 [41

 <./heapDelete4.png>]
<heapDelete5.png, id=330, 490.08093pt x 393.72093pt>
File: heapDelete5.png Graphic file (type png)
 <use heapDelete5.png>
Package pdftex.def Info: heapDelete5.png used on input line 357.
(pdftex.def)             Requested size: 245.03987pt x 196.85999pt.

[42

 <./heapDelete5.png>] <heapDelete6.png, id=337, 490.08093pt x 393.72093pt>
File: heapDelete6.png Graphic file (type png)

<use heapDelete6.png>
Package pdftex.def Info: heapDelete6.png used on input line 365.
(pdftex.def)             Requested size: 245.03987pt x 196.85999pt.
 [43

 <./heapDelete6.png>] [44

] [45

] [46

]
<heapIncreaseKey1.png, id=363, 347.2975pt x 256.96pt>
File: heapIncreaseKey1.png Graphic file (type png)

<use heapIncreaseKey1.png>
Package pdftex.def Info: heapIncreaseKey1.png used on input line 392.
(pdftex.def)             Requested size: 173.64832pt x 128.47968pt.
 [47

 <./heapIncreaseKey1.png>]
<heapIncreaseKey2.png, id=370, 386.44376pt x 237.88875pt>
File: heapIncreaseKey2.png Graphic file (type png)

<use heapIncreaseKey2.png>
Package pdftex.def Info: heapIncreaseKey2.png used on input line 399.
(pdftex.def)             Requested size: 193.2214pt x 118.94408pt.
 [48

 <./heapIncreaseKey2.png>]
<heapIncreaseKey3.png, id=377, 356.33125pt x 240.9pt>
File: heapIncreaseKey3.png Graphic file (type png)

<use heapIncreaseKey3.png>
Package pdftex.def Info: heapIncreaseKey3.png used on input line 406.
(pdftex.def)             Requested size: 178.16518pt x 120.44969pt.
 [49

 <./heapIncreaseKey3.png>]
<heapIncreaseKey4.png, id=385, 350.30875pt x 242.9075pt>
File: heapIncreaseKey4.png Graphic file (type png)

<use heapIncreaseKey4.png>
Package pdftex.def Info: heapIncreaseKey4.png used on input line 412.
(pdftex.def)             Requested size: 175.15395pt x 121.45345pt.
 [50

 <./heapIncreaseKey4.png>] [51

] [52

] [53

]
<buildMaxHeap1.png, id=410, 368.37625pt x 297.11pt>
File: buildMaxHeap1.png Graphic file (type png)
 <use buildMaxHeap1.png>
Package pdftex.def Info: buildMaxHeap1.png used on input line 442.
(pdftex.def)             Requested size: 184.18767pt x 148.55463pt.

[54

 <./buildMaxHeap1.png>]
<buildMaxHeap2.png, id=417, 344.28625pt x 244.915pt>
File: buildMaxHeap2.png Graphic file (type png)
 <use buildMaxHeap2.png>
Package pdftex.def Info: buildMaxHeap2.png used on input line 449.
(pdftex.def)             Requested size: 172.1427pt x 122.45718pt.

[55

 <./buildMaxHeap2.png>] <buildMaxHeap3.png, id=425, 353.32pt x 237.88875pt>
File: buildMaxHeap3.png Graphic file (type png)

<use buildMaxHeap3.png>
Package pdftex.def Info: buildMaxHeap3.png used on input line 456.
(pdftex.def)             Requested size: 176.65956pt x 118.94408pt.
 [56

 <./buildMaxHeap3.png>]
<buildMaxHeap4.png, id=433, 360.34625pt x 241.90375pt>
File: buildMaxHeap4.png Graphic file (type png)
 <use buildMaxHeap4.png>
Package pdftex.def Info: buildMaxHeap4.png used on input line 463.
(pdftex.def)             Requested size: 180.17268pt x 120.95157pt.

[57

 <./buildMaxHeap4.png>]
<buildMaxHeap5.png, id=440, 342.27875pt x 254.9525pt>
File: buildMaxHeap5.png Graphic file (type png)
 <use buildMaxHeap5.png>
Package pdftex.def Info: buildMaxHeap5.png used on input line 470.
(pdftex.def)             Requested size: 171.13895pt x 127.47592pt.

[58

 <./buildMaxHeap5.png>] <buildMaxHeap6.png, id=447, 337.26pt x 246.9225pt>
File: buildMaxHeap6.png Graphic file (type png)

<use buildMaxHeap6.png>
Package pdftex.def Info: buildMaxHeap6.png used on input line 477.
(pdftex.def)             Requested size: 168.62958pt x 123.46094pt.
 [59

 <./buildMaxHeap6.png>]
\openout4 = `7_Heap_UnionFind.vrb'.

 (./7_Heap_UnionFind.vrb)
[60

] <heapSort1.png, id=461, 248.93pt x 175.65625pt>
File: heapSort1.png Graphic file (type png)
 <use heapSort1.png>
Package pdftex.def Info: heapSort1.png used on input line 497.
(pdftex.def)             Requested size: 174.2498pt x 122.95853pt.

[61

 <./heapSort1.png>] <heapSort2.png, id=469, 238.8925pt x 169.63374pt>
File: heapSort2.png Graphic file (type png)

<use heapSort2.png>
Package pdftex.def Info: heapSort2.png used on input line 504.
(pdftex.def)             Requested size: 167.2236pt x 118.7428pt.
 [62

 <./heapSort2.png>]
<heapSort3.png, id=476, 247.92625pt x 165.61874pt>
File: heapSort3.png Graphic file (type png)
 <use heapSort3.png>
Package pdftex.def Info: heapSort3.png used on input line 511.
(pdftex.def)             Requested size: 173.54718pt x 115.93231pt.
 [63

 <./heapSort3.png>] <heapSort4.png, id=483, 254.9525pt x 177.66376pt>
File: heapSort4.png Graphic file (type png)

<use heapSort4.png>
Package pdftex.def Info: heapSort4.png used on input line 518.
(pdftex.def)             Requested size: 178.46552pt x 124.36377pt.
 [64

 <./heapSort4.png>]
<heapSort5.png, id=490, 257.96375pt x 162.6075pt>
File: heapSort5.png Graphic file (type png)
 <use heapSort5.png>
Package pdftex.def Info: heapSort5.png used on input line 525.
(pdftex.def)             Requested size: 180.57338pt x 113.82446pt.
 [65

 <./heapSort5.png>] <heapSort6.png, id=497, 248.93pt x 179.67125pt>
File: heapSort6.png Graphic file (type png)

<use heapSort6.png>
Package pdftex.def Info: heapSort6.png used on input line 532.
(pdftex.def)             Requested size: 174.2498pt x 125.769pt.
 [66

 <./heapSort6.png>]
<heapSort7.png, id=504, 265.99374pt x 152.57pt>
File: heapSort7.png Graphic file (type png)
 <use heapSort7.png>
Package pdftex.def Info: heapSort7.png used on input line 539.
(pdftex.def)             Requested size: 186.19434pt x 106.79826pt.
 [67

 <./heapSort7.png>] <heapSort8.png, id=512, 259.97125pt x 168.63pt>
File: heapSort8.png Graphic file (type png)

<use heapSort8.png>
Package pdftex.def Info: heapSort8.png used on input line 546.
(pdftex.def)             Requested size: 181.97862pt x 118.04018pt.
 [68

 <./heapSort8.png>]
<heapSort9.png, id=519, 269.005pt x 162.6075pt>
File: heapSort9.png Graphic file (type png)
 <use heapSort9.png>
Package pdftex.def Info: heapSort9.png used on input line 553.
(pdftex.def)             Requested size: 188.3022pt x 113.82446pt.
 [69

 <./heapSort9.png>] <heapSort10.png, id=526, 229.85875pt x 182.6825pt>
File: heapSort10.png Graphic file (type png)

<use heapSort10.png>
Package pdftex.def Info: heapSort10.png used on input line 560.
(pdftex.def)             Requested size: 160.90001pt x 127.87686pt.
 [70

 <./heapSort10.png>]
<heapSort11.png, id=533, 346.29375pt x 90.3375pt>
File: heapSort11.png Graphic file (type png)
 <use heapSort11.png>
Package pdftex.def Info: heapSort11.png used on input line 567.
(pdftex.def)             Requested size: 242.40396pt x 63.23581pt.
 [71

 <./heapSort11.png>] [72

] [73

] [74

] [75

] [76

] [77

]
<disjointSetEg.png, id=578, 454.69875pt x 397.485pt>
File: disjointSetEg.png Graphic file (type png)
 <use disjointSetEg.png>
Package pdftex.def Info: disjointSetEg.png used on input line 614.
(pdftex.def)             Requested size: 227.34882pt x 198.742pt.

[78

 <./disjointSetEg.png>] [79

] [80

] [81

]
<unionFindArray1.png, id=607, 645.91313pt x 99.37125pt>
File: unionFindArray1.png Graphic file (type png)

<use unionFindArray1.png>
Package pdftex.def Info: unionFindArray1.png used on input line 670.
(pdftex.def)             Requested size: 258.36067pt x 39.74779pt.

<unionFindArray2.png, id=608, 645.16031pt x 99.37125pt>
File: unionFindArray2.png Graphic file (type png)

<use unionFindArray2.png>
Package pdftex.def Info: unionFindArray2.png used on input line 670.
(pdftex.def)             Requested size: 258.05954pt x 39.74779pt.
 [82

 <./unionFindArray1.png> <./unionFindArray2.png>]
[83

] [84

] [85

] <unionFindLinkedList.png, id=634, 838.13126pt x 370.38374pt>
File: unionFindLinkedList.png Graphic file (type png)

<use unionFindLinkedList.png>
Package pdftex.def Info: unionFindLinkedList.png used on input line 694.
(pdftex.def)             Requested size: 335.24657pt x 148.15086pt.

Overfull \hbox (27.9567pt too wide) in paragraph at lines 694--694
 [] 
 []

[86

 <./unionFindLinkedList.png>] [87

] [88

] [89

] [90

]
<unionFindTreeRep.png, id=665, 554.07pt x 256.96pt>
File: unionFindTreeRep.png Graphic file (type png)
 <use unionFindTreeRep.png>
Package pdftex.def Info: unionFindTreeRep.png used on input line 720.
(pdftex.def)             Requested size: 277.03432pt x 128.47968pt.

[91

 <./unionFindTreeRep.png>]
File: unionFindTreeRep.png Graphic file (type png)
 <use unionFindTreeRep.png>
Package pdftex.def Info: unionFindTreeRep.png used on input line 727.
(pdftex.def)             Requested size: 277.03432pt x 128.47968pt.
 [92

]
<unionFindTreeRepFind.png, id=683, 405.515pt x 221.82875pt>
File: unionFindTreeRepFind.png Graphic file (type png)

<use unionFindTreeRepFind.png>
Package pdftex.def Info: unionFindTreeRepFind.png used on input line 734.
(pdftex.def)             Requested size: 202.75699pt x 110.9141pt.
 [93

 <./unionFindTreeRepFind.png>]
<unionFindTreeRepUnion.png, id=692, 469.755pt x 257.96375pt>
File: unionFindTreeRepUnion.png Graphic file (type png)

<use unionFindTreeRepUnion.png>
Package pdftex.def Info: unionFindTreeRepUnion.png used on input line 741.
(pdftex.def)             Requested size: 234.87692pt x 128.98155pt.
 [94

 <./unionFindTreeRepUnion.png>]
<unionFindTreeRepImplem.png, id=702, 452.69125pt x 291.0875pt>
File: unionFindTreeRepImplem.png Graphic file (type png)

<use unionFindTreeRepImplem.png>
Package pdftex.def Info: unionFindTreeRepImplem.png used on input line 748.
(pdftex.def)             Requested size: 226.34506pt x 145.54338pt.
 [95

 <./unionFindTreeRepImplem.png>]
<unionFindWorstCase.png, id=711, 399.4925pt x 331.2375pt>
File: unionFindWorstCase.png Graphic file (type png)

<use unionFindWorstCase.png>
Package pdftex.def Info: unionFindWorstCase.png used on input line 755.
(pdftex.def)             Requested size: 199.74576pt x 165.61833pt.
 [96

 <./unionFindWorstCase.png>]
<unionFindEg.png, id=720, 687.56876pt x 290.08376pt>
File: unionFindEg.png Graphic file (type png)
 <use unionFindEg.png>
Package pdftex.def Info: unionFindEg.png used on input line 770.
(pdftex.def)             Requested size: 275.02263pt x 116.03143pt.

[97

 <./unionFindEg.png>] <unionBySize.png, id=730, 718.685pt x 514.92375pt>
File: unionBySize.png Graphic file (type png)

<use unionBySize.png>
Package pdftex.def Info: unionBySize.png used on input line 779.
(pdftex.def)             Requested size: 215.60716pt x 154.4783pt.
 [98

 <./unionBySize.png>]
<unionByRank.png, id=739, 683.55376pt x 286.06876pt>
File: unionByRank.png Graphic file (type png)
 <use unionByRank.png>
Package pdftex.def Info: unionByRank.png used on input line 787.
(pdftex.def)             Requested size: 341.77605pt x 143.03403pt.

Overfull \hbox (34.48618pt too wide) in paragraph at lines 787--787
 [] 
 []

[99

 <./unionByRank.png>]
<unionByRankBestCase.png, id=748, 443.6575pt x 280.04625pt>
File: unionByRankBestCase.png Graphic file (type png)

<use unionByRankBestCase.png>
Package pdftex.def Info: unionByRankBestCase.png used on input line 796.
(pdftex.def)             Requested size: 221.8282pt x 140.02277pt.
 [100

 <./unionByRankBestCase.png>]
File: unionByRankBestCase.png Graphic file (type png)

<use unionByRankBestCase.png>
Package pdftex.def Info: unionByRankBestCase.png used on input line 796.
(pdftex.def)             Requested size: 221.8282pt x 140.02277pt.
 [101

]
<unionByRankWorstCase.png, id=765, 441.65pt x 268.00125pt>
File: unionByRankWorstCase.png Graphic file (type png)

<use unionByRankWorstCase.png>
Package pdftex.def Info: unionByRankWorstCase.png used on input line 803.
(pdftex.def)             Requested size: 220.82445pt x 134.00029pt.
 [102

 <./unionByRankWorstCase.png>]
File: unionByRankWorstCase.png Graphic file (type png)

<use unionByRankWorstCase.png>
Package pdftex.def Info: unionByRankWorstCase.png used on input line 803.
(pdftex.def)             Requested size: 220.82445pt x 134.00029pt.
 [103

]
<pathCompression1.png, id=783, 235.88126pt x 243.91125pt>
File: pathCompression1.png Graphic file (type png)

<use pathCompression1.png>
Package pdftex.def Info: pathCompression1.png used on input line 811.
(pdftex.def)             Requested size: 117.94034pt x 121.95532pt.
 [104

 <./pathCompression1.png>]
<pathCompression2.png, id=792, 612.2875pt x 248.93pt>
File: pathCompression2.png Graphic file (type png)

<use pathCompression2.png>
Package pdftex.def Info: pathCompression2.png used on input line 820.
(pdftex.def)             Requested size: 306.143pt x 124.46469pt.
 [105

 <./pathCompression2.png>]
<pathCompression4.png, id=801, 1019.81pt x 493.845pt>
File: pathCompression4.png Graphic file (type png)

<use pathCompression4.png>
Package pdftex.def Info: pathCompression4.png used on input line 828.
(pdftex.def)             Requested size: 305.94536pt x 148.15463pt.
 [106

 <./pathCompression4.png>] [107

] [108

] [109

]
[110

] [111

] [112

] [113

]
\tf@nav=\write6
\openout6 = `7_Heap_UnionFind.nav'.

\tf@toc=\write7
\openout7 = `7_Heap_UnionFind.toc'.

\tf@snm=\write8
\openout8 = `7_Heap_UnionFind.snm'.

Package atveryend Info: Empty hook `BeforeClearDocument' on input line 877.
Package atveryend Info: Empty hook `AfterLastShipout' on input line 877.
 (./7_Heap_UnionFind.aux)
Package atveryend Info: Executing hook `AtVeryEndDocument' on input line 877.
Package atveryend Info: Executing hook `AtEndAfterFileList' on input line 877.
Package rerunfilecheck Info: File `7_Heap_UnionFind.out' has not changed.
(rerunfilecheck)             Checksum: 33BA85AB0758BA0F9DCCC823025DAFA2;260.


LaTeX Font Warning: Size substitutions with differences
(Font)              up to 1.0pt have occurred.

Package atveryend Info: Empty hook `AtVeryVeryEnd' on input line 877.
 ) 
Here is how much of TeX's memory you used:
 16495 strings out of 494985
 304427 string characters out of 6180356
 373000 words of memory out of 5000000
 19029 multiletter control sequences out of 15000+600000
 22945 words of font info for 86 fonts, out of 8000000 for 9000
 36 hyphenation exceptions out of 8191
 49i,16n,58p,426b,681s stack positions out of 5000i,500n,10000p,200000b,80000s
</usr/share/texlive/texmf-dist/fonts/type1/public/amsfonts/cm/cmmi10.pfb></us
r/share/texlive/texmf-dist/fonts/type1/public/amsfonts/cm/cmss10.pfb></usr/shar
e/texlive/texmf-dist/fonts/type1/public/amsfonts/cm/cmss12.pfb></usr/share/texl
ive/texmf-dist/fonts/type1/public/amsfonts/cm/cmss17.pfb></usr/share/texlive/te
xmf-dist/fonts/type1/public/amsfonts/cm/cmss8.pfb></usr/share/texlive/texmf-dis
t/fonts/type1/public/amsfonts/cm/cmss9.pfb></usr/share/texlive/texmf-dist/fonts
/type1/public/amsfonts/cm/cmssbx10.pfb></usr/share/texlive/texmf-dist/fonts/typ
e1/public/amsfonts/cm/cmssi10.pfb></usr/share/texlive/texmf-dist/fonts/type1/pu
blic/amsfonts/cm/cmssi12.pfb></usr/share/texlive/texmf-dist/fonts/type1/public/
amsfonts/cm/cmsy10.pfb></usr/share/texlive/texmf-dist/fonts/type1/public/amsfon
ts/cm/cmsy7.pfb></usr/share/texlive/texmf-dist/fonts/type1/public/amsfonts/cm/c
msy8.pfb></usr/share/texlive/texmf-dist/fonts/type1/public/amsfonts/cm/cmtt10.p
fb></usr/share/texlive/texmf-dist/fonts/type1/public/amsfonts/cm/cmtt12.pfb></u
sr/share/texlive/texmf-dist/fonts/type1/public/amsfonts/cm/cmtt9.pfb>
Output written on 7_Heap_UnionFind.pdf (113 pages, 1216852 bytes).
PDF statistics:
 966 PDF objects out of 1000 (max. 8388607)
 763 compressed objects within 8 object streams
 233 named destinations out of 1000 (max. 500000)
 383 words of extra memory for PDF output out of 10000 (max. 10000000)

